GETVAL.sql
SSRL_RSW_AREA_AIUDR.sql
SSRL_RSW_AREA_BIUDR.sql
SSRL_RSW_ATTACHMENT_BIUDR.sql
SSRL_RSW_ATTACHMENT_DOWN.sql
SSRL_RSW_BEAMLINE_MGR.sql
SSRL_RSW_BEAMLINE_MGR_AIUDR.sql
SSRL_RSW_BEAMLINE_MGR_BIUR.sql
SSRL_RSW_EMAIL_RULES_data.sql
SSRL_RSW_FORM_AIUDR.sql
SSRL_RSW_FORM_BIUDR.sql
SSRL_RSW_FORM_MESSAGES_TRG.sql
SSRL_RSW_FORM_STATUS.sql
SSRL_RSW_GET_STATUS.sql
SSRL_RSW_PKG.sql
SSRL_RSW_PKG_BODY.sql
SSRL_RSW_ROLES.sql
SSRL_RSW_USER_ROLES_BIUR.sql
SSRL_RSW_USER_ROLES_JN.sql
SSRL_RSW_USER_ROLES_data.sql
SSRL_RSW_USER_ROLE_VW.sql
f273_SLACSTG.sql
pp
ssrl_rsw_area.sql
ssrl_rsw_area_insert_data.sql
ssrl_rsw_attachment.sql
ssrl_rsw_document.sql
ssrl_rsw_form.sql
ssrl_rsw_user_log.sql
ssrl_rswcf_send_email.sql
